Flow report for d
Wed Apr 23 10:35:57 2025
Quartus II 64-Bit Version 13.1.0 Build 162 10/23/2013 SJ Web Edition


---------------------
; Table of Contents ;
---------------------
  1. Legal Notice
  2. Flow Summary
  3. Flow Settings
  4. Flow Non-Default Global Settings
  5. Flow Elapsed Time
  6. Flow OS Summary
  7. Flow Log
  8. Flow Messages
  9. Flow Suppressed Messages



----------------
; Legal Notice ;
----------------
Copyright (C) 1991-2013 Altera Corporation
Your use of Altera Corporation's design tools, logic functions 
and other software and tools, and its AMPP partner logic 
functions, and any output files from any of the foregoing 
(including device programming or simulation files), and any 
associated documentation or information are expressly subject 
to the terms and conditions of the Altera Program License 
Subscription Agreement, Altera MegaCore Function License 
Agreement, or other applicable license agreement, including, 
without limitation, that your use is for the sole purpose of 
programming logic devices manufactured by Altera and sold by 
Altera or its authorized distributors.  Please refer to the 
applicable agreement for further details.



+---------------------------------------------------------------------------------+
; Flow Summary                                                                    ;
+------------------------------------+--------------------------------------------+
; Flow Status                        ; Successful - Wed Apr 23 10:35:57 2025      ;
; Quartus II 64-Bit Version          ; 13.1.0 Build 162 10/23/2013 SJ Web Edition ;
; Revision Name                      ; d                                          ;
; Top-level Entity Name              ; ula                                        ;
; Family                             ; Cyclone III                                ;
; Total logic elements               ; 27 / 5,136 ( < 1 % )                       ;
;     Total combinational functions  ; 27 / 5,136 ( < 1 % )                       ;
;     Dedicated logic registers      ; 0 / 5,136 ( 0 % )                          ;
; Total registers                    ; 0                                          ;
; Total pins                         ; 37 / 183 ( 20 % )                          ;
; Total virtual pins                 ; 0                                          ;
; Total memory bits                  ; 0 / 423,936 ( 0 % )                        ;
; Embedded Multiplier 9-bit elements ; 0 / 46 ( 0 % )                             ;
; Total PLLs                         ; 0 / 2 ( 0 % )                              ;
; Device                             ; EP3C5F256C6                                ;
; Timing Models                      ; Final                                      ;
+------------------------------------+--------------------------------------------+


+-----------------------------------------+
; Flow Settings                           ;
+-------------------+---------------------+
; Option            ; Setting             ;
+-------------------+---------------------+
; Start date & time ; 04/07/2025 09:59:18 ;
; Main task         ; Compilation         ;
; Revision Name     ; d                   ;
+-------------------+---------------------+


+----------------------------------------------------------------------------------------------------------------------+
; Flow Non-Default Global Settings                                                                                     ;
+-------------------------------------+---------------------------------+---------------+-------------+----------------+
; Assignment Name                     ; Value                           ; Default Value ; Entity Name ; Section Id     ;
+-------------------------------------+---------------------------------+---------------+-------------+----------------+
; COMPILER_SIGNATURE_ID               ; 211334705562992.174403075815356 ; --            ; --          ; --             ;
; EDA_GENERATE_FUNCTIONAL_NETLIST     ; On                              ; --            ; --          ; eda_simulation ;
; EDA_NETLIST_WRITER_OUTPUT_DIR       ; C:/altera/13.1/simulation/qsim/ ; --            ; --          ; eda_simulation ;
; EDA_OUTPUT_DATA_FORMAT              ; Verilog Hdl                     ; --            ; --          ; eda_simulation ;
; EDA_SIMULATION_TOOL                 ; ModelSim-Altera (Verilog)       ; <None>        ; --          ; --             ;
; EDA_TIME_SCALE                      ; 1 ps                            ; --            ; --          ; eda_simulation ;
; IP_TOOL_NAME                        ; LPM_ADD_SUB                     ; --            ; --          ; --             ;
; IP_TOOL_NAME                        ; LPM_MUX                         ; --            ; --          ; --             ;
; IP_TOOL_NAME                        ; LPM_LATCH                       ; --            ; --          ; --             ;
; IP_TOOL_VERSION                     ; 13.1                            ; --            ; --          ; --             ;
; IP_TOOL_VERSION                     ; 13.1                            ; --            ; --          ; --             ;
; IP_TOOL_VERSION                     ; 9.1                             ; --            ; --          ; --             ;
; MISC_FILE                           ; lpm_add_sub0.tdf                ; --            ; --          ; --             ;
; MISC_FILE                           ; lpm_add_sub0.bsf                ; --            ; --          ; --             ;
; MISC_FILE                           ; lpm_add_sub0.inc                ; --            ; --          ; --             ;
; MISC_FILE                           ; lpm_mux0.bsf                    ; --            ; --          ; --             ;
; MISC_FILE                           ; lpm_mux0.cmp                    ; --            ; --          ; --             ;
; MISC_FILE                           ; lpm_latch0.tdf                  ; --            ; --          ; --             ;
; MISC_FILE                           ; lpm_latch0.bsf                  ; --            ; --          ; --             ;
; MISC_FILE                           ; lpm_latch0.inc                  ; --            ; --          ; --             ;
; PARTITION_COLOR                     ; 16764057                        ; --            ; ula         ; Top            ;
; PARTITION_FITTER_PRESERVATION_LEVEL ; PLACEMENT_AND_ROUTING           ; --            ; ula         ; Top            ;
; PARTITION_NETLIST_TYPE              ; SOURCE                          ; --            ; ula         ; Top            ;
; PROJECT_OUTPUT_DIRECTORY            ; output_files                    ; --            ; --          ; --             ;
; TOP_LEVEL_ENTITY                    ; ula                             ; d             ; --          ; --             ;
+-------------------------------------+---------------------------------+---------------+-------------+----------------+


+-------------------------------------------------------------------------------------------------------------------------------+
; Flow Elapsed Time                                                                                                             ;
+---------------------------+--------------+-------------------------+---------------------+------------------------------------+
; Module Name               ; Elapsed Time ; Average Processors Used ; Peak Virtual Memory ; Total CPU Time (on all processors) ;
+---------------------------+--------------+-------------------------+---------------------+------------------------------------+
; Analysis & Synthesis      ; 00:00:01     ; 1.0                     ; 4672 MB             ; 00:00:02                           ;
; Fitter                    ; 00:00:04     ; 1.0                     ; 4923 MB             ; 00:00:04                           ;
; Assembler                 ; 00:00:01     ; 1.0                     ; 4567 MB             ; 00:00:01                           ;
; TimeQuest Timing Analyzer ; 00:00:02     ; 1.0                     ; 4619 MB             ; 00:00:01                           ;
; EDA Netlist Writer        ; 00:00:00     ; 1.0                     ; 4537 MB             ; 00:00:00                           ;
; EDA Netlist Writer        ; 00:00:00     ; 1.0                     ; 4543 MB             ; 00:00:00                           ;
; EDA Netlist Writer        ; 00:00:00     ; 1.0                     ; 4543 MB             ; 00:00:01                           ;
; EDA Netlist Writer        ; 00:00:00     ; 1.0                     ; 4543 MB             ; 00:00:01                           ;
; EDA Netlist Writer        ; 00:00:01     ; 1.0                     ; 4543 MB             ; 00:00:01                           ;
; EDA Netlist Writer        ; 00:00:01     ; 1.0                     ; 4543 MB             ; 00:00:01                           ;
; EDA Netlist Writer        ; 00:00:00     ; 1.0                     ; 4543 MB             ; 00:00:01                           ;
; EDA Netlist Writer        ; 00:00:01     ; 1.0                     ; 4543 MB             ; 00:00:01                           ;
; EDA Netlist Writer        ; 00:00:01     ; 1.0                     ; 4543 MB             ; 00:00:01                           ;
; EDA Netlist Writer        ; 00:00:01     ; 1.0                     ; 4543 MB             ; 00:00:01                           ;
; EDA Netlist Writer        ; 00:00:01     ; 1.0                     ; 4543 MB             ; 00:00:01                           ;
; EDA Netlist Writer        ; 00:00:01     ; 1.0                     ; 4543 MB             ; 00:00:01                           ;
; EDA Netlist Writer        ; 00:00:01     ; 1.0                     ; 4543 MB             ; 00:00:01                           ;
; EDA Netlist Writer        ; 00:00:00     ; 1.0                     ; 4543 MB             ; 00:00:01                           ;
; EDA Netlist Writer        ; 00:00:00     ; 1.0                     ; 4543 MB             ; 00:00:01                           ;
; EDA Netlist Writer        ; 00:00:01     ; 1.0                     ; 4543 MB             ; 00:00:01                           ;
; EDA Netlist Writer        ; 00:00:00     ; 1.0                     ; 4543 MB             ; 00:00:01                           ;
; EDA Netlist Writer        ; 00:00:00     ; 1.0                     ; 4543 MB             ; 00:00:01                           ;
; EDA Netlist Writer        ; 00:00:00     ; 1.0                     ; 4543 MB             ; 00:00:01                           ;
; EDA Netlist Writer        ; 00:00:01     ; 1.0                     ; 4543 MB             ; 00:00:01                           ;
; EDA Netlist Writer        ; 00:00:01     ; 1.0                     ; 4543 MB             ; 00:00:01                           ;
; EDA Netlist Writer        ; 00:00:00     ; 1.0                     ; 4543 MB             ; 00:00:01                           ;
; EDA Netlist Writer        ; 00:00:01     ; 1.0                     ; 4543 MB             ; 00:00:01                           ;
; EDA Netlist Writer        ; 00:00:00     ; 1.0                     ; 4543 MB             ; 00:00:01                           ;
; EDA Netlist Writer        ; 00:00:01     ; 1.0                     ; 4543 MB             ; 00:00:01                           ;
; EDA Netlist Writer        ; 00:00:00     ; 1.0                     ; 4543 MB             ; 00:00:01                           ;
; EDA Netlist Writer        ; 00:00:01     ; 1.0                     ; 4543 MB             ; 00:00:01                           ;
; EDA Netlist Writer        ; 00:00:01     ; 1.0                     ; 4543 MB             ; 00:00:01                           ;
; EDA Netlist Writer        ; 00:00:00     ; 1.0                     ; 4543 MB             ; 00:00:01                           ;
; EDA Netlist Writer        ; 00:00:01     ; 1.0                     ; 4543 MB             ; 00:00:01                           ;
; EDA Netlist Writer        ; 00:00:01     ; 1.0                     ; 4543 MB             ; 00:00:01                           ;
; Total                     ; 00:00:25     ; --                      ; --                  ; 00:00:37                           ;
+---------------------------+--------------+-------------------------+---------------------+------------------------------------+


+----------------------------------------------------------------------------------------+
; Flow OS Summary                                                                        ;
+---------------------------+------------------+-----------+------------+----------------+
; Module Name               ; Machine Hostname ; OS Name   ; OS Version ; Processor type ;
+---------------------------+------------------+-----------+------------+----------------+
; Analysis & Synthesis      ; Notebook-Davi    ; Windows 7 ; 6.2        ; x86_64         ;
; Fitter                    ; Notebook-Davi    ; Windows 7 ; 6.2        ; x86_64         ;
; Assembler                 ; Notebook-Davi    ; Windows 7 ; 6.2        ; x86_64         ;
; TimeQuest Timing Analyzer ; Notebook-Davi    ; Windows 7 ; 6.2        ; x86_64         ;
; EDA Netlist Writer        ; Notebook-Davi    ; Windows 7 ; 6.2        ; x86_64         ;
; EDA Netlist Writer        ; Notebook-Davi    ; Windows 7 ; 6.2        ; x86_64         ;
; EDA Netlist Writer        ; Notebook-Davi    ; Windows 7 ; 6.2        ; x86_64         ;
; EDA Netlist Writer        ; Notebook-Davi    ; Windows 7 ; 6.2        ; x86_64         ;
; EDA Netlist Writer        ; Notebook-Davi    ; Windows 7 ; 6.2        ; x86_64         ;
; EDA Netlist Writer        ; Notebook-Davi    ; Windows 7 ; 6.2        ; x86_64         ;
; EDA Netlist Writer        ; Notebook-Davi    ; Windows 7 ; 6.2        ; x86_64         ;
; EDA Netlist Writer        ; Notebook-Davi    ; Windows 7 ; 6.2        ; x86_64         ;
; EDA Netlist Writer        ; Notebook-Davi    ; Windows 7 ; 6.2        ; x86_64         ;
; EDA Netlist Writer        ; Notebook-Davi    ; Windows 7 ; 6.2        ; x86_64         ;
; EDA Netlist Writer        ; Notebook-Davi    ; Windows 7 ; 6.2        ; x86_64         ;
; EDA Netlist Writer        ; Notebook-Davi    ; Windows 7 ; 6.2        ; x86_64         ;
; EDA Netlist Writer        ; Notebook-Davi    ; Windows 7 ; 6.2        ; x86_64         ;
; EDA Netlist Writer        ; Notebook-Davi    ; Windows 7 ; 6.2        ; x86_64         ;
; EDA Netlist Writer        ; Notebook-Davi    ; Windows 7 ; 6.2        ; x86_64         ;
; EDA Netlist Writer        ; Notebook-Davi    ; Windows 7 ; 6.2        ; x86_64         ;
; EDA Netlist Writer        ; Notebook-Davi    ; Windows 7 ; 6.2        ; x86_64         ;
; EDA Netlist Writer        ; Notebook-Davi    ; Windows 7 ; 6.2        ; x86_64         ;
; EDA Netlist Writer        ; Notebook-Davi    ; Windows 7 ; 6.2        ; x86_64         ;
; EDA Netlist Writer        ; Notebook-Davi    ; Windows 7 ; 6.2        ; x86_64         ;
; EDA Netlist Writer        ; Notebook-Davi    ; Windows 7 ; 6.2        ; x86_64         ;
; EDA Netlist Writer        ; Notebook-Davi    ; Windows 7 ; 6.2        ; x86_64         ;
; EDA Netlist Writer        ; Notebook-Davi    ; Windows 7 ; 6.2        ; x86_64         ;
; EDA Netlist Writer        ; Notebook-Davi    ; Windows 7 ; 6.2        ; x86_64         ;
; EDA Netlist Writer        ; Notebook-Davi    ; Windows 7 ; 6.2        ; x86_64         ;
; EDA Netlist Writer        ; Notebook-Davi    ; Windows 7 ; 6.2        ; x86_64         ;
; EDA Netlist Writer        ; Notebook-Davi    ; Windows 7 ; 6.2        ; x86_64         ;
; EDA Netlist Writer        ; Notebook-Davi    ; Windows 7 ; 6.2        ; x86_64         ;
; EDA Netlist Writer        ; Notebook-Davi    ; Windows 7 ; 6.2        ; x86_64         ;
; EDA Netlist Writer        ; Notebook-Davi    ; Windows 7 ; 6.2        ; x86_64         ;
; EDA Netlist Writer        ; Notebook-Davi    ; Windows 7 ; 6.2        ; x86_64         ;
+---------------------------+------------------+-----------+------------+----------------+


------------
; Flow Log ;
------------
quartus_map --read_settings_files=on --write_settings_files=off d -c d
quartus_fit --read_settings_files=off --write_settings_files=off d -c d
quartus_asm --read_settings_files=off --write_settings_files=off d -c d
quartus_sta d -c d
quartus_eda --read_settings_files=off --write_settings_files=off d -c d
quartus_eda --gen_testbench --check_outputs=on --tool=modelsim_oem --format=verilog d -c d --vector_source=C:/altera/13.1/ula.vwf --testbench_file=C:/altera/13.1/simulation/qsim/ula.vwf.vt
quartus_eda --functional=on --flatten_buses=off --simulation=on --tool=modelsim_oem --format=verilog --output_directory=C:/altera/13.1/simulation/qsim/ d -c d
quartus_eda --gen_testbench --check_outputs=on --tool=modelsim_oem --format=verilog d -c d --vector_source=C:/altera/13.1/ula.vwf --testbench_file=C:/altera/13.1/simulation/qsim/ula.vwf.vt
quartus_eda --functional=on --flatten_buses=off --simulation=on --tool=modelsim_oem --format=verilog --output_directory=C:/altera/13.1/simulation/qsim/ d -c d
quartus_eda --gen_testbench --check_outputs=on --tool=modelsim_oem --format=verilog d -c d --vector_source=C:/altera/13.1/ula.vwf --testbench_file=C:/altera/13.1/simulation/qsim/ula.vwf.vt
quartus_eda --functional=on --flatten_buses=off --simulation=on --tool=modelsim_oem --format=verilog --output_directory=C:/altera/13.1/simulation/qsim/ d -c d
quartus_eda --gen_testbench --check_outputs=on --tool=modelsim_oem --format=verilog d -c d --vector_source=C:/altera/13.1/ula.vwf --testbench_file=C:/altera/13.1/simulation/qsim/ula.vwf.vt
quartus_eda --functional=on --flatten_buses=off --simulation=on --tool=modelsim_oem --format=verilog --output_directory=C:/altera/13.1/simulation/qsim/ d -c d
quartus_eda --gen_testbench --check_outputs=on --tool=modelsim_oem --format=verilog d -c d --vector_source=C:/altera/13.1/ula.vwf --testbench_file=C:/altera/13.1/simulation/qsim/ula.vwf.vt
quartus_eda --functional=on --flatten_buses=off --simulation=on --tool=modelsim_oem --format=verilog --output_directory=C:/altera/13.1/simulation/qsim/ d -c d
quartus_eda --gen_testbench --check_outputs=on --tool=modelsim_oem --format=verilog d -c d --vector_source=C:/altera/13.1/ula.vwf --testbench_file=C:/altera/13.1/simulation/qsim/ula.vwf.vt
quartus_eda --functional=on --flatten_buses=off --simulation=on --tool=modelsim_oem --format=verilog --output_directory=C:/altera/13.1/simulation/qsim/ d -c d
quartus_eda --gen_testbench --check_outputs=on --tool=modelsim_oem --format=verilog d -c d --vector_source=C:/altera/13.1/ula.vwf --testbench_file=C:/altera/13.1/simulation/qsim/ula.vwf.vt
quartus_eda --functional=on --flatten_buses=off --simulation=on --tool=modelsim_oem --format=verilog --output_directory=C:/altera/13.1/simulation/qsim/ d -c d
quartus_eda --gen_testbench --check_outputs=on --tool=modelsim_oem --format=verilog d -c d --vector_source=C:/altera/13.1/ula.vwf --testbench_file=C:/altera/13.1/simulation/qsim/ula.vwf.vt
quartus_eda --functional=on --flatten_buses=off --simulation=on --tool=modelsim_oem --format=verilog --output_directory=C:/altera/13.1/simulation/qsim/ d -c d
quartus_eda --gen_testbench --check_outputs=on --tool=modelsim_oem --format=verilog d -c d --vector_source=C:/altera/13.1/ula.vwf --testbench_file=C:/altera/13.1/simulation/qsim/ula.vwf.vt
quartus_eda --functional=on --flatten_buses=off --simulation=on --tool=modelsim_oem --format=verilog --output_directory=C:/altera/13.1/simulation/qsim/ d -c d
quartus_eda --gen_testbench --check_outputs=on --tool=modelsim_oem --format=verilog d -c d --vector_source=C:/altera/13.1/ula.vwf --testbench_file=C:/altera/13.1/simulation/qsim/ula.vwf.vt
quartus_eda --functional=on --flatten_buses=off --simulation=on --tool=modelsim_oem --format=verilog --output_directory=C:/altera/13.1/simulation/qsim/ d -c d
quartus_eda --gen_testbench --check_outputs=on --tool=modelsim_oem --format=verilog d -c d --vector_source=C:/altera/13.1/ula.vwf --testbench_file=C:/altera/13.1/simulation/qsim/ula.vwf.vt
quartus_eda --functional=on --flatten_buses=off --simulation=on --tool=modelsim_oem --format=verilog --output_directory=C:/altera/13.1/simulation/qsim/ d -c d
quartus_eda --gen_testbench --check_outputs=on --tool=modelsim_oem --format=verilog d -c d --vector_source=C:/altera/13.1/ula.vwf --testbench_file=C:/altera/13.1/simulation/qsim/ula.vwf.vt
quartus_eda --functional=on --flatten_buses=off --simulation=on --tool=modelsim_oem --format=verilog --output_directory=C:/altera/13.1/simulation/qsim/ d -c d
quartus_eda --gen_testbench --check_outputs=on --tool=modelsim_oem --format=verilog d -c d --vector_source=C:/altera/13.1/ula.vwf --testbench_file=C:/altera/13.1/simulation/qsim/ula.vwf.vt
quartus_eda --functional=on --flatten_buses=off --simulation=on --tool=modelsim_oem --format=verilog --output_directory=C:/altera/13.1/simulation/qsim/ d -c d
quartus_eda --gen_testbench --check_outputs=on --tool=modelsim_oem --format=verilog d -c d --vector_source=C:/altera/13.1/ula.vwf --testbench_file=C:/altera/13.1/simulation/qsim/ula.vwf.vt
quartus_eda --functional=on --flatten_buses=off --simulation=on --tool=modelsim_oem --format=verilog --output_directory=C:/altera/13.1/simulation/qsim/ d -c d
quartus_eda --gen_testbench --check_outputs=on --tool=modelsim_oem --format=verilog d -c d --vector_source=C:/altera/13.1/ula.vwf --testbench_file=C:/altera/13.1/simulation/qsim/ula.vwf.vt
quartus_eda --functional=on --flatten_buses=off --simulation=on --tool=modelsim_oem --format=verilog --output_directory=C:/altera/13.1/simulation/qsim/ d -c d



