Analysis & Synthesis report for d
Mon Apr 07 09:59:20 2025
Quartus II 64-Bit Version 13.1.0 Build 162 10/23/2013 SJ Web Edition


---------------------
; Table of Contents ;
---------------------
  1. Legal Notice
  2. Analysis & Synthesis Summary
  3. Analysis & Synthesis Settings
  4. Parallel Compilation
  5. Analysis & Synthesis Source Files Read
  6. Analysis & Synthesis Resource Usage Summary
  7. Analysis & Synthesis Resource Utilization by Entity
  8. Analysis & Synthesis IP Cores Summary
  9. User-Specified and Inferred Latches
 10. General Register Statistics
 11. Parameter Settings for User Entity Instance: lpm_mux1:inst5|lpm_mux:LPM_MUX_component
 12. Parameter Settings for User Entity Instance: lpm_mux0:inst10|lpm_mux:LPM_MUX_component
 13. Parameter Settings for User Entity Instance: LPM_LATCH:inst6
 14. Parameter Settings for User Entity Instance: LPM_LATCH:inst4
 15. Elapsed Time Per Partition
 16. Analysis & Synthesis Messages



----------------
; Legal Notice ;
----------------
Copyright (C) 1991-2013 Altera Corporation
Your use of Altera Corporation's design tools, logic functions 
and other software and tools, and its AMPP partner logic 
functions, and any output files from any of the foregoing 
(including device programming or simulation files), and any 
associated documentation or information are expressly subject 
to the terms and conditions of the Altera Program License 
Subscription Agreement, Altera MegaCore Function License 
Agreement, or other applicable license agreement, including, 
without limitation, that your use is for the sole purpose of 
programming logic devices manufactured by Altera and sold by 
Altera or its authorized distributors.  Please refer to the 
applicable agreement for further details.



+---------------------------------------------------------------------------------+
; Analysis & Synthesis Summary                                                    ;
+------------------------------------+--------------------------------------------+
; Analysis & Synthesis Status        ; Successful - Mon Apr 07 09:59:20 2025      ;
; Quartus II 64-Bit Version          ; 13.1.0 Build 162 10/23/2013 SJ Web Edition ;
; Revision Name                      ; d                                          ;
; Top-level Entity Name              ; ula                                        ;
; Family                             ; Cyclone III                                ;
; Total logic elements               ; 27                                         ;
;     Total combinational functions  ; 27                                         ;
;     Dedicated logic registers      ; 0                                          ;
; Total registers                    ; 0                                          ;
; Total pins                         ; 37                                         ;
; Total virtual pins                 ; 0                                          ;
; Total memory bits                  ; 0                                          ;
; Embedded Multiplier 9-bit elements ; 0                                          ;
; Total PLLs                         ; 0                                          ;
+------------------------------------+--------------------------------------------+


+----------------------------------------------------------------------------------------------------------------------+
; Analysis & Synthesis Settings                                                                                        ;
+----------------------------------------------------------------------------+--------------------+--------------------+
; Option                                                                     ; Setting            ; Default Value      ;
+----------------------------------------------------------------------------+--------------------+--------------------+
; Top-level entity name                                                      ; ula                ; d                  ;
; Family name                                                                ; Cyclone III        ; Cyclone IV GX      ;
; Use smart compilation                                                      ; Off                ; Off                ;
; Enable parallel Assembler and TimeQuest Timing Analyzer during compilation ; On                 ; On                 ;
; Enable compact report table                                                ; Off                ; Off                ;
; Restructure Multiplexers                                                   ; Auto               ; Auto               ;
; Create Debugging Nodes for IP Cores                                        ; Off                ; Off                ;
; Preserve fewer node names                                                  ; On                 ; On                 ;
; Disable OpenCore Plus hardware evaluation                                  ; Off                ; Off                ;
; Verilog Version                                                            ; Verilog_2001       ; Verilog_2001       ;
; VHDL Version                                                               ; VHDL_1993          ; VHDL_1993          ;
; State Machine Processing                                                   ; Auto               ; Auto               ;
; Safe State Machine                                                         ; Off                ; Off                ;
; Extract Verilog State Machines                                             ; On                 ; On                 ;
; Extract VHDL State Machines                                                ; On                 ; On                 ;
; Ignore Verilog initial constructs                                          ; Off                ; Off                ;
; Iteration limit for constant Verilog loops                                 ; 5000               ; 5000               ;
; Iteration limit for non-constant Verilog loops                             ; 250                ; 250                ;
; Add Pass-Through Logic to Inferred RAMs                                    ; On                 ; On                 ;
; Infer RAMs from Raw Logic                                                  ; On                 ; On                 ;
; Parallel Synthesis                                                         ; On                 ; On                 ;
; DSP Block Balancing                                                        ; Auto               ; Auto               ;
; NOT Gate Push-Back                                                         ; On                 ; On                 ;
; Power-Up Don't Care                                                        ; On                 ; On                 ;
; Remove Redundant Logic Cells                                               ; Off                ; Off                ;
; Remove Duplicate Registers                                                 ; On                 ; On                 ;
; Ignore CARRY Buffers                                                       ; Off                ; Off                ;
; Ignore CASCADE Buffers                                                     ; Off                ; Off                ;
; Ignore GLOBAL Buffers                                                      ; Off                ; Off                ;
; Ignore ROW GLOBAL Buffers                                                  ; Off                ; Off                ;
; Ignore LCELL Buffers                                                       ; Off                ; Off                ;
; Ignore SOFT Buffers                                                        ; On                 ; On                 ;
; Limit AHDL Integers to 32 Bits                                             ; Off                ; Off                ;
; Optimization Technique                                                     ; Balanced           ; Balanced           ;
; Carry Chain Length                                                         ; 70                 ; 70                 ;
; Auto Carry Chains                                                          ; On                 ; On                 ;
; Auto Open-Drain Pins                                                       ; On                 ; On                 ;
; Perform WYSIWYG Primitive Resynthesis                                      ; Off                ; Off                ;
; Auto ROM Replacement                                                       ; On                 ; On                 ;
; Auto RAM Replacement                                                       ; On                 ; On                 ;
; Auto DSP Block Replacement                                                 ; On                 ; On                 ;
; Auto Shift Register Replacement                                            ; Auto               ; Auto               ;
; Allow Shift Register Merging across Hierarchies                            ; Auto               ; Auto               ;
; Auto Clock Enable Replacement                                              ; On                 ; On                 ;
; Strict RAM Replacement                                                     ; Off                ; Off                ;
; Allow Synchronous Control Signals                                          ; On                 ; On                 ;
; Force Use of Synchronous Clear Signals                                     ; Off                ; Off                ;
; Auto RAM Block Balancing                                                   ; On                 ; On                 ;
; Auto RAM to Logic Cell Conversion                                          ; Off                ; Off                ;
; Auto Resource Sharing                                                      ; Off                ; Off                ;
; Allow Any RAM Size For Recognition                                         ; Off                ; Off                ;
; Allow Any ROM Size For Recognition                                         ; Off                ; Off                ;
; Allow Any Shift Register Size For Recognition                              ; Off                ; Off                ;
; Use LogicLock Constraints during Resource Balancing                        ; On                 ; On                 ;
; Ignore translate_off and synthesis_off directives                          ; Off                ; Off                ;
; Timing-Driven Synthesis                                                    ; On                 ; On                 ;
; Report Parameter Settings                                                  ; On                 ; On                 ;
; Report Source Assignments                                                  ; On                 ; On                 ;
; Report Connectivity Checks                                                 ; On                 ; On                 ;
; Ignore Maximum Fan-Out Assignments                                         ; Off                ; Off                ;
; Synchronization Register Chain Length                                      ; 2                  ; 2                  ;
; PowerPlay Power Optimization                                               ; Normal compilation ; Normal compilation ;
; HDL message level                                                          ; Level2             ; Level2             ;
; Suppress Register Optimization Related Messages                            ; Off                ; Off                ;
; Number of Removed Registers Reported in Synthesis Report                   ; 5000               ; 5000               ;
; Number of Swept Nodes Reported in Synthesis Report                         ; 5000               ; 5000               ;
; Number of Inverted Registers Reported in Synthesis Report                  ; 100                ; 100                ;
; Clock MUX Protection                                                       ; On                 ; On                 ;
; Auto Gated Clock Conversion                                                ; Off                ; Off                ;
; Block Design Naming                                                        ; Auto               ; Auto               ;
; SDC constraint protection                                                  ; Off                ; Off                ;
; Synthesis Effort                                                           ; Auto               ; Auto               ;
; Shift Register Replacement - Allow Asynchronous Clear Signal               ; On                 ; On                 ;
; Pre-Mapping Resynthesis Optimization                                       ; Off                ; Off                ;
; Analysis & Synthesis Message Level                                         ; Medium             ; Medium             ;
; Disable Register Merging Across Hierarchies                                ; Auto               ; Auto               ;
; Resource Aware Inference For Block RAM                                     ; On                 ; On                 ;
; Synthesis Seed                                                             ; 1                  ; 1                  ;
+----------------------------------------------------------------------------+--------------------+--------------------+


Parallel compilation was disabled, but you have multiple processors available. Enable parallel compilation to reduce compilation time.
+-------------------------------------+
; Parallel Compilation                ;
+----------------------------+--------+
; Processors                 ; Number ;
+----------------------------+--------+
; Number detected on machine ; 12     ;
; Maximum allowed            ; 1      ;
+----------------------------+--------+


+---------------------------------------------------------------------------------------------------------------------------------------------------------------------------+
; Analysis & Synthesis Source Files Read                                                                                                                                    ;
+----------------------------------+-----------------+------------------------------------------+-----------------------------------------------------------------+---------+
; File Name with User-Entered Path ; Used in Netlist ; File Type                                ; File Name with Absolute Path                                    ; Library ;
+----------------------------------+-----------------+------------------------------------------+-----------------------------------------------------------------+---------+
; lpm_mux0.vhd                     ; yes             ; User Wizard-Generated File               ; C:/altera/13.1/lpm_mux0.vhd                                     ;         ;
; ula.bdf                          ; yes             ; User Block Diagram/Schematic File        ; C:/altera/13.1/ula.bdf                                          ;         ;
; and_completo.bdf                 ; yes             ; User Block Diagram/Schematic File        ; C:/altera/13.1/and_completo.bdf                                 ;         ;
; or_completo.bdf                  ; yes             ; User Block Diagram/Schematic File        ; C:/altera/13.1/or_completo.bdf                                  ;         ;
; subtrador.bdf                    ; yes             ; User Block Diagram/Schematic File        ; C:/altera/13.1/subtrador.bdf                                    ;         ;
; lpm_mux1.tdf                     ; yes             ; Auto-Found Wizard-Generated File         ; C:/altera/13.1/lpm_mux1.tdf                                     ;         ;
; lpm_mux.inc                      ; yes             ; Auto-Found AHDL File                     ; c:/altera/13.1/quartus/libraries/megafunctions/lpm_mux.inc      ;         ;
; lpm_mux.tdf                      ; yes             ; Megafunction                             ; c:/altera/13.1/quartus/libraries/megafunctions/lpm_mux.tdf      ;         ;
; aglobal131.inc                   ; yes             ; Megafunction                             ; c:/altera/13.1/quartus/libraries/megafunctions/aglobal131.inc   ;         ;
; muxlut.inc                       ; yes             ; Megafunction                             ; c:/altera/13.1/quartus/libraries/megafunctions/muxlut.inc       ;         ;
; bypassff.inc                     ; yes             ; Megafunction                             ; c:/altera/13.1/quartus/libraries/megafunctions/bypassff.inc     ;         ;
; altshift.inc                     ; yes             ; Megafunction                             ; c:/altera/13.1/quartus/libraries/megafunctions/altshift.inc     ;         ;
; db/mux_8qc.tdf                   ; yes             ; Auto-Generated Megafunction              ; C:/altera/13.1/db/mux_8qc.tdf                                   ;         ;
; db/mux_g6e.tdf                   ; yes             ; Auto-Generated Megafunction              ; C:/altera/13.1/db/mux_g6e.tdf                                   ;         ;
; lpm_latch.tdf                    ; yes             ; Megafunction                             ; c:/altera/13.1/quartus/libraries/megafunctions/lpm_latch.tdf    ;         ;
; lpm_constant.inc                 ; yes             ; Megafunction                             ; c:/altera/13.1/quartus/libraries/megafunctions/lpm_constant.inc ;         ;
; somador.bdf                      ; yes             ; Auto-Found Block Diagram/Schematic File  ; C:/altera/13.1/somador.bdf                                      ;         ;
; somador_completo.bdf             ; yes             ; Auto-Found Block Diagram/Schematic File  ; C:/altera/13.1/somador_completo.bdf                             ;         ;
+----------------------------------+-----------------+------------------------------------------+-----------------------------------------------------------------+---------+


+----------------------------------------------------------+
; Analysis & Synthesis Resource Usage Summary              ;
+---------------------------------------------+------------+
; Resource                                    ; Usage      ;
+---------------------------------------------+------------+
; Estimated Total logic elements              ; 27         ;
;                                             ;            ;
; Total combinational functions               ; 27         ;
; Logic element usage by number of LUT inputs ;            ;
;     -- 4 input functions                    ; 19         ;
;     -- 3 input functions                    ; 8          ;
;     -- <=2 input functions                  ; 0          ;
;                                             ;            ;
; Logic elements by mode                      ;            ;
;     -- normal mode                          ; 27         ;
;     -- arithmetic mode                      ; 0          ;
;                                             ;            ;
; Total registers                             ; 0          ;
;     -- Dedicated logic registers            ; 0          ;
;     -- I/O registers                        ; 0          ;
;                                             ;            ;
; I/O pins                                    ; 37         ;
; Embedded Multiplier 9-bit elements          ; 0          ;
; Maximum fan-out node                        ; S[0]~input ;
; Maximum fan-out                             ; 16         ;
; Total fan-out                               ; 145        ;
; Average fan-out                             ; 1.44       ;
+---------------------------------------------+------------+


+--------------------------------------------------------------------------------------------------------------------------------------------------------------------------------------------------------------------------------------+
; Analysis & Synthesis Resource Utilization by Entity                                                                                                                                                                                  ;
+-----------------------------------+-------------------+--------------+-------------+--------------+---------+-----------+------+--------------+-----------------------------------------------------------------------+--------------+
; Compilation Hierarchy Node        ; LC Combinationals ; LC Registers ; Memory Bits ; DSP Elements ; DSP 9x9 ; DSP 18x18 ; Pins ; Virtual Pins ; Full Hierarchy Name                                                   ; Library Name ;
+-----------------------------------+-------------------+--------------+-------------+--------------+---------+-----------+------+--------------+-----------------------------------------------------------------------+--------------+
; |ula                              ; 27 (0)            ; 0 (0)        ; 0           ; 0            ; 0       ; 0         ; 37   ; 0            ; |ula                                                                  ; work         ;
;    |lpm_latch:inst4|              ; 2 (2)             ; 0 (0)        ; 0           ; 0            ; 0       ; 0         ; 0    ; 0            ; |ula|lpm_latch:inst4                                                  ; work         ;
;    |lpm_latch:inst6|              ; 2 (2)             ; 0 (0)        ; 0           ; 0            ; 0       ; 0         ; 0    ; 0            ; |ula|lpm_latch:inst6                                                  ; work         ;
;    |lpm_mux0:inst10|              ; 2 (0)             ; 0 (0)        ; 0           ; 0            ; 0       ; 0         ; 0    ; 0            ; |ula|lpm_mux0:inst10                                                  ; work         ;
;       |lpm_mux:LPM_MUX_component| ; 2 (0)             ; 0 (0)        ; 0           ; 0            ; 0       ; 0         ; 0    ; 0            ; |ula|lpm_mux0:inst10|lpm_mux:LPM_MUX_component                        ; work         ;
;          |mux_g6e:auto_generated| ; 2 (2)             ; 0 (0)        ; 0           ; 0            ; 0       ; 0         ; 0    ; 0            ; |ula|lpm_mux0:inst10|lpm_mux:LPM_MUX_component|mux_g6e:auto_generated ; work         ;
;    |lpm_mux1:inst5|               ; 17 (0)            ; 0 (0)        ; 0           ; 0            ; 0       ; 0         ; 0    ; 0            ; |ula|lpm_mux1:inst5                                                   ; work         ;
;       |lpm_mux:LPM_MUX_component| ; 17 (0)            ; 0 (0)        ; 0           ; 0            ; 0       ; 0         ; 0    ; 0            ; |ula|lpm_mux1:inst5|lpm_mux:LPM_MUX_component                         ; work         ;
;          |mux_8qc:auto_generated| ; 17 (17)           ; 0 (0)        ; 0           ; 0            ; 0       ; 0         ; 0    ; 0            ; |ula|lpm_mux1:inst5|lpm_mux:LPM_MUX_component|mux_8qc:auto_generated  ; work         ;
;    |somador_completo:inst2|       ; 2 (0)             ; 0 (0)        ; 0           ; 0            ; 0       ; 0         ; 0    ; 0            ; |ula|somador_completo:inst2                                           ; work         ;
;       |somador:somador2|          ; 1 (1)             ; 0 (0)        ; 0           ; 0            ; 0       ; 0         ; 0    ; 0            ; |ula|somador_completo:inst2|somador:somador2                          ; work         ;
;       |somador:somador5|          ; 1 (1)             ; 0 (0)        ; 0           ; 0            ; 0       ; 0         ; 0    ; 0            ; |ula|somador_completo:inst2|somador:somador5                          ; work         ;
;    |subtrador:inst|               ; 2 (0)             ; 0 (0)        ; 0           ; 0            ; 0       ; 0         ; 0    ; 0            ; |ula|subtrador:inst                                                   ; work         ;
;       |somador:somador2|          ; 1 (1)             ; 0 (0)        ; 0           ; 0            ; 0       ; 0         ; 0    ; 0            ; |ula|subtrador:inst|somador:somador2                                  ; work         ;
;       |somador:somador5|          ; 1 (1)             ; 0 (0)        ; 0           ; 0            ; 0       ; 0         ; 0    ; 0            ; |ula|subtrador:inst|somador:somador5                                  ; work         ;
+-----------------------------------+-------------------+--------------+-------------+--------------+---------+-----------+------+--------------+-----------------------------------------------------------------------+--------------+
Note: For table entries with two numbers listed, the numbers in parentheses indicate the number of resources of the given type used by the specific entity alone. The numbers listed outside of parentheses indicate the total resources of the given type used by the specific entity and all of its sub-entities in the hierarchy.


+--------------------------------------------------------------------------------------------------------------------+
; Analysis & Synthesis IP Cores Summary                                                                              ;
+--------+--------------+---------+--------------+--------------+----------------------+-----------------------------+
; Vendor ; IP Core Name ; Version ; Release Date ; License Type ; Entity Instance      ; IP Include File             ;
+--------+--------------+---------+--------------+--------------+----------------------+-----------------------------+
; Altera ; LPM_MUX      ; N/A     ; N/A          ; N/A          ; |ula|lpm_mux1:inst5  ; C:/altera/13.1/lpm_mux1.tdf ;
; Altera ; LPM_MUX      ; 13.1    ; N/A          ; N/A          ; |ula|lpm_mux0:inst10 ; C:/altera/13.1/lpm_mux0.vhd ;
+--------+--------------+---------+--------------+--------------+----------------------+-----------------------------+


+---------------------------------------------------------------------------------------------------+
; User-Specified and Inferred Latches                                                               ;
+----------------------------------------------------+---------------------+------------------------+
; Latch Name                                         ; Latch Enable Signal ; Free of Timing Hazards ;
+----------------------------------------------------+---------------------+------------------------+
; lpm_latch:inst6|latches[0]                         ; ativarda            ; yes                    ;
; lpm_latch:inst4|latches[0]                         ; ativaraf            ; yes                    ;
; lpm_latch:inst6|latches[1]                         ; ativarda            ; yes                    ;
; lpm_latch:inst4|latches[1]                         ; ativaraf            ; yes                    ;
; Number of user-specified and inferred latches = 4  ;                     ;                        ;
+----------------------------------------------------+---------------------+------------------------+
Note: All latches listed above may not be present at the end of synthesis due to various synthesis optimizations.


+------------------------------------------------------+
; General Register Statistics                          ;
+----------------------------------------------+-------+
; Statistic                                    ; Value ;
+----------------------------------------------+-------+
; Total registers                              ; 0     ;
; Number of registers using Synchronous Clear  ; 0     ;
; Number of registers using Synchronous Load   ; 0     ;
; Number of registers using Asynchronous Clear ; 0     ;
; Number of registers using Asynchronous Load  ; 0     ;
; Number of registers using Clock Enable       ; 0     ;
; Number of registers using Preset             ; 0     ;
+----------------------------------------------+-------+


+---------------------------------------------------------------------------------------+
; Parameter Settings for User Entity Instance: lpm_mux1:inst5|lpm_mux:LPM_MUX_component ;
+------------------------+-------------+------------------------------------------------+
; Parameter Name         ; Value       ; Type                                           ;
+------------------------+-------------+------------------------------------------------+
; AUTO_CARRY_CHAINS      ; ON          ; AUTO_CARRY                                     ;
; IGNORE_CARRY_BUFFERS   ; OFF         ; IGNORE_CARRY                                   ;
; AUTO_CASCADE_CHAINS    ; ON          ; AUTO_CASCADE                                   ;
; IGNORE_CASCADE_BUFFERS ; OFF         ; IGNORE_CASCADE                                 ;
; LPM_WIDTH              ; 8           ; Untyped                                        ;
; LPM_SIZE               ; 4           ; Untyped                                        ;
; LPM_WIDTHS             ; 2           ; Untyped                                        ;
; LPM_PIPELINE           ; 0           ; Untyped                                        ;
; CBXI_PARAMETER         ; mux_8qc     ; Untyped                                        ;
; DEVICE_FAMILY          ; Cyclone III ; Untyped                                        ;
+------------------------+-------------+------------------------------------------------+
Note: In order to hide this table in the UI and the text report file, please set the "Show Parameter Settings in Synthesis Report" option in "Analysis and Synthesis Settings -> More Settings" to "Off".


+----------------------------------------------------------------------------------------+
; Parameter Settings for User Entity Instance: lpm_mux0:inst10|lpm_mux:LPM_MUX_component ;
+------------------------+-------------+-------------------------------------------------+
; Parameter Name         ; Value       ; Type                                            ;
+------------------------+-------------+-------------------------------------------------+
; AUTO_CARRY_CHAINS      ; ON          ; AUTO_CARRY                                      ;
; IGNORE_CARRY_BUFFERS   ; OFF         ; IGNORE_CARRY                                    ;
; AUTO_CASCADE_CHAINS    ; ON          ; AUTO_CASCADE                                    ;
; IGNORE_CASCADE_BUFFERS ; OFF         ; IGNORE_CASCADE                                  ;
; LPM_WIDTH              ; 8           ; Signed Integer                                  ;
; LPM_SIZE               ; 2           ; Signed Integer                                  ;
; LPM_WIDTHS             ; 1           ; Signed Integer                                  ;
; LPM_PIPELINE           ; 0           ; Signed Integer                                  ;
; CBXI_PARAMETER         ; mux_g6e     ; Untyped                                         ;
; DEVICE_FAMILY          ; Cyclone III ; Untyped                                         ;
+------------------------+-------------+-------------------------------------------------+
Note: In order to hide this table in the UI and the text report file, please set the "Show Parameter Settings in Synthesis Report" option in "Analysis and Synthesis Settings -> More Settings" to "Off".


+--------------------------------------------------------------+
; Parameter Settings for User Entity Instance: LPM_LATCH:inst6 ;
+----------------+-------+-------------------------------------+
; Parameter Name ; Value ; Type                                ;
+----------------+-------+-------------------------------------+
; LPM_WIDTH      ; 8     ; Signed Integer                      ;
; LPM_AVALUE     ; 0     ; Signed Integer                      ;
+----------------+-------+-------------------------------------+
Note: In order to hide this table in the UI and the text report file, please set the "Show Parameter Settings in Synthesis Report" option in "Analysis and Synthesis Settings -> More Settings" to "Off".


+--------------------------------------------------------------+
; Parameter Settings for User Entity Instance: LPM_LATCH:inst4 ;
+----------------+-------+-------------------------------------+
; Parameter Name ; Value ; Type                                ;
+----------------+-------+-------------------------------------+
; LPM_WIDTH      ; 8     ; Signed Integer                      ;
; LPM_AVALUE     ; 0     ; Signed Integer                      ;
+----------------+-------+-------------------------------------+
Note: In order to hide this table in the UI and the text report file, please set the "Show Parameter Settings in Synthesis Report" option in "Analysis and Synthesis Settings -> More Settings" to "Off".


+-------------------------------+
; Elapsed Time Per Partition    ;
+----------------+--------------+
; Partition Name ; Elapsed Time ;
+----------------+--------------+
; Top            ; 00:00:00     ;
+----------------+--------------+


+-------------------------------+
; Analysis & Synthesis Messages ;
+-------------------------------+
Info: *******************************************************************
Info: Running Quartus II 64-Bit Analysis & Synthesis
    Info: Version 13.1.0 Build 162 10/23/2013 SJ Web Edition
    Info: Processing started: Mon Apr 07 09:59:18 2025
Info: Command: quartus_map --read_settings_files=on --write_settings_files=off d -c d
Warning (20028): Parallel compilation is not licensed and has been disabled
Info (12021): Found 1 design units, including 1 entities, in source file d.bdf
    Info (12023): Found entity 1: d
Warning (12019): Can't analyze file -- file subtrator_completo.bdf is missing
Warning (12019): Can't analyze file -- file subtrator.bdf is missing
Info (12021): Found 2 design units, including 1 entities, in source file lpm_mux0.vhd
    Info (12022): Found design unit 1: lpm_mux0-SYN
    Info (12023): Found entity 1: lpm_mux0
Info (12021): Found 1 design units, including 1 entities, in source file ula.bdf
    Info (12023): Found entity 1: ula
Warning (12018): Entity "and" will be ignored because it conflicts with Quartus II primitive name
Info (12021): Found 1 design units, including 1 entities, in source file and.bdf
Info (12021): Found 1 design units, including 1 entities, in source file and_completo.bdf
    Info (12023): Found entity 1: and_completo
Info (12021): Found 1 design units, including 1 entities, in source file andd.bdf
    Info (12023): Found entity 1: andd
Info (12021): Found 1 design units, including 1 entities, in source file orr.bdf
    Info (12023): Found entity 1: orr
Info (12021): Found 1 design units, including 1 entities, in source file or_completo.bdf
    Info (12023): Found entity 1: or_completo
Info (12021): Found 1 design units, including 1 entities, in source file subtrador.bdf
    Info (12023): Found entity 1: subtrador
Info (12127): Elaborating entity "ula" for the top level hierarchy
Warning (12125): Using design file lpm_mux1.tdf, which is not specified as a design file for the current project, but contains definitions for 1 design units and 1 entities in project
    Info (12023): Found entity 1: lpm_mux1
Info (12128): Elaborating entity "lpm_mux1" for hierarchy "lpm_mux1:inst5"
Info (12128): Elaborating entity "lpm_mux" for hierarchy "lpm_mux1:inst5|lpm_mux:LPM_MUX_component"
Info (12130): Elaborated megafunction instantiation "lpm_mux1:inst5|lpm_mux:LPM_MUX_component"
Info (12133): Instantiated megafunction "lpm_mux1:inst5|lpm_mux:LPM_MUX_component" with the following parameter:
    Info (12134): Parameter "LPM_TYPE" = "LPM_MUX"
    Info (12134): Parameter "LPM_WIDTH" = "8"
    Info (12134): Parameter "LPM_SIZE" = "4"
    Info (12134): Parameter "LPM_WIDTHS" = "2"
Info (12021): Found 1 design units, including 1 entities, in source file db/mux_8qc.tdf
    Info (12023): Found entity 1: mux_8qc
Info (12128): Elaborating entity "mux_8qc" for hierarchy "lpm_mux1:inst5|lpm_mux:LPM_MUX_component|mux_8qc:auto_generated"
Info (12128): Elaborating entity "or_completo" for hierarchy "or_completo:inst1"
Info (12128): Elaborating entity "lpm_mux0" for hierarchy "lpm_mux0:inst10"
Info (12128): Elaborating entity "lpm_mux" for hierarchy "lpm_mux0:inst10|lpm_mux:LPM_MUX_component"
Info (12130): Elaborated megafunction instantiation "lpm_mux0:inst10|lpm_mux:LPM_MUX_component"
Info (12133): Instantiated megafunction "lpm_mux0:inst10|lpm_mux:LPM_MUX_component" with the following parameter:
    Info (12134): Parameter "LPM_WIDTH" = "8"
    Info (12134): Parameter "LPM_SIZE" = "2"
    Info (12134): Parameter "LPM_WIDTHS" = "1"
    Info (12134): Parameter "LPM_PIPELINE" = "0"
    Info (12134): Parameter "LPM_TYPE" = "LPM_MUX"
    Info (12134): Parameter "LPM_HINT" = "UNUSED"
Info (12021): Found 1 design units, including 1 entities, in source file db/mux_g6e.tdf
    Info (12023): Found entity 1: mux_g6e
Info (12128): Elaborating entity "mux_g6e" for hierarchy "lpm_mux0:inst10|lpm_mux:LPM_MUX_component|mux_g6e:auto_generated"
Info (12128): Elaborating entity "LPM_LATCH" for hierarchy "LPM_LATCH:inst6"
Warning (287001): Assertion warning: Ignored LPM_AVALUE parameter because neither the aconst or aset port is used
Info (12130): Elaborated megafunction instantiation "LPM_LATCH:inst6"
Info (12133): Instantiated megafunction "LPM_LATCH:inst6" with the following parameter:
    Info (12134): Parameter "LPM_AVALUE" = "0"
    Info (12134): Parameter "LPM_WIDTH" = "8"
Info (12128): Elaborating entity "and_completo" for hierarchy "and_completo:inst3"
Info (12128): Elaborating entity "subtrador" for hierarchy "subtrador:inst"
Warning (12125): Using design file somador.bdf, which is not specified as a design file for the current project, but contains definitions for 1 design units and 1 entities in project
    Info (12023): Found entity 1: somador
Info (12128): Elaborating entity "somador" for hierarchy "subtrador:inst|somador:somador1"
Warning (12125): Using design file somador_completo.bdf, which is not specified as a design file for the current project, but contains definitions for 1 design units and 1 entities in project
    Info (12023): Found entity 1: somador_completo
Info (12128): Elaborating entity "somador_completo" for hierarchy "somador_completo:inst2"
Warning (12001): Port "data[2]" does not exist in entity definition of "LPM_LATCH".  The port's range differs between the entity definition and its actual instantiation, "LPM_LATCH:inst4".
Warning (12001): Port "data[3]" does not exist in entity definition of "LPM_LATCH".  The port's range differs between the entity definition and its actual instantiation, "LPM_LATCH:inst4".
Warning (12001): Port "data[4]" does not exist in entity definition of "LPM_LATCH".  The port's range differs between the entity definition and its actual instantiation, "LPM_LATCH:inst4".
Warning (12001): Port "data[5]" does not exist in entity definition of "LPM_LATCH".  The port's range differs between the entity definition and its actual instantiation, "LPM_LATCH:inst4".
Warning (12001): Port "data[6]" does not exist in entity definition of "LPM_LATCH".  The port's range differs between the entity definition and its actual instantiation, "LPM_LATCH:inst4".
Warning (12001): Port "data[7]" does not exist in entity definition of "LPM_LATCH".  The port's range differs between the entity definition and its actual instantiation, "LPM_LATCH:inst4".
Warning (12001): Port "q[2]" does not exist in entity definition of "LPM_LATCH".  The port's range differs between the entity definition and its actual instantiation, "LPM_LATCH:inst4".
Warning (12001): Port "q[3]" does not exist in entity definition of "LPM_LATCH".  The port's range differs between the entity definition and its actual instantiation, "LPM_LATCH:inst4".
Warning (12001): Port "q[4]" does not exist in entity definition of "LPM_LATCH".  The port's range differs between the entity definition and its actual instantiation, "LPM_LATCH:inst4".
Warning (12001): Port "q[5]" does not exist in entity definition of "LPM_LATCH".  The port's range differs between the entity definition and its actual instantiation, "LPM_LATCH:inst4".
Warning (12001): Port "q[6]" does not exist in entity definition of "LPM_LATCH".  The port's range differs between the entity definition and its actual instantiation, "LPM_LATCH:inst4".
Warning (12001): Port "q[7]" does not exist in entity definition of "LPM_LATCH".  The port's range differs between the entity definition and its actual instantiation, "LPM_LATCH:inst4".
Warning (12001): Port "data[2]" does not exist in entity definition of "LPM_LATCH".  The port's range differs between the entity definition and its actual instantiation, "LPM_LATCH:inst6".
Warning (12001): Port "data[3]" does not exist in entity definition of "LPM_LATCH".  The port's range differs between the entity definition and its actual instantiation, "LPM_LATCH:inst6".
Warning (12001): Port "data[4]" does not exist in entity definition of "LPM_LATCH".  The port's range differs between the entity definition and its actual instantiation, "LPM_LATCH:inst6".
Warning (12001): Port "data[5]" does not exist in entity definition of "LPM_LATCH".  The port's range differs between the entity definition and its actual instantiation, "LPM_LATCH:inst6".
Warning (12001): Port "data[6]" does not exist in entity definition of "LPM_LATCH".  The port's range differs between the entity definition and its actual instantiation, "LPM_LATCH:inst6".
Warning (12001): Port "data[7]" does not exist in entity definition of "LPM_LATCH".  The port's range differs between the entity definition and its actual instantiation, "LPM_LATCH:inst6".
Warning (12001): Port "q[2]" does not exist in entity definition of "LPM_LATCH".  The port's range differs between the entity definition and its actual instantiation, "LPM_LATCH:inst6".
Warning (12001): Port "q[3]" does not exist in entity definition of "LPM_LATCH".  The port's range differs between the entity definition and its actual instantiation, "LPM_LATCH:inst6".
Warning (12001): Port "q[4]" does not exist in entity definition of "LPM_LATCH".  The port's range differs between the entity definition and its actual instantiation, "LPM_LATCH:inst6".
Warning (12001): Port "q[5]" does not exist in entity definition of "LPM_LATCH".  The port's range differs between the entity definition and its actual instantiation, "LPM_LATCH:inst6".
Warning (12001): Port "q[6]" does not exist in entity definition of "LPM_LATCH".  The port's range differs between the entity definition and its actual instantiation, "LPM_LATCH:inst6".
Warning (12001): Port "q[7]" does not exist in entity definition of "LPM_LATCH".  The port's range differs between the entity definition and its actual instantiation, "LPM_LATCH:inst6".
Info (286030): Timing-Driven Synthesis is running
Info (16010): Generating hard_block partition "hard_block:auto_generated_inst"
    Info (16011): Adding 0 node(s), including 0 DDIO, 0 PLL, 0 transceiver and 0 LCELL
Warning (21074): Design contains 12 input pin(s) that do not drive logic
    Warning (15610): No output dependent on input pin "regis2[7]"
    Warning (15610): No output dependent on input pin "regis2[6]"
    Warning (15610): No output dependent on input pin "regis2[5]"
    Warning (15610): No output dependent on input pin "regis2[4]"
    Warning (15610): No output dependent on input pin "regis2[3]"
    Warning (15610): No output dependent on input pin "regis2[2]"
    Warning (15610): No output dependent on input pin "regis1[7]"
    Warning (15610): No output dependent on input pin "regis1[6]"
    Warning (15610): No output dependent on input pin "regis1[5]"
    Warning (15610): No output dependent on input pin "regis1[4]"
    Warning (15610): No output dependent on input pin "regis1[3]"
    Warning (15610): No output dependent on input pin "regis1[2]"
Info (21057): Implemented 64 device resources after synthesis - the final resource count might be different
    Info (21058): Implemented 29 input pins
    Info (21059): Implemented 8 output pins
    Info (21061): Implemented 27 logic cells
Info: Quartus II 64-Bit Analysis & Synthesis was successful. 0 errors, 45 warnings
    Info: Peak virtual memory: 4672 megabytes
    Info: Processing ended: Mon Apr 07 09:59:20 2025
    Info: Elapsed time: 00:00:02
    Info: Total CPU time (on all processors): 00:00:02


